2022-06-09T06:31:18+00:00 CRITICAL Uncaught TypeError: array_merge(): Argument #2 must be of type array, string given in C:\xampp\htdocs\LearningWP_Ecommerce\wp-includes\nav-menu.php:102
Stack trace:
#0 C:\xampp\htdocs\LearningWP_Ecommerce\wp-includes\nav-menu.php(102): array_merge(Array, 'header-top')
#1 C:\xampp\htdocs\LearningWP_Ecommerce\wp-content\themes\shop\functions.php(7): register_nav_menus('header-top', 'Menu top')
#2 C:\xampp\htdocs\LearningWP_Ecommerce\wp-includes\class-wp-hook.php(307): initTheme('')
#3 C:\xampp\htdocs\LearningWP_Ecommerce\wp-includes\class-wp-hook.php(331): WP_Hook->apply_filters(NULL, Array)
#4 C:\xampp\htdocs\LearningWP_Ecommerce\wp-includes\plugin.php(476): WP_Hook->do_action(Array)
#5 C:\xampp\htdocs\LearningWP_Ecommerce\wp-settings.php(598): do_action('init')
#6 C:\xampp\htdocs\LearningWP_Ecommerce\wp-config.php(96): require_once('C:\\xampp\\htdocs...')
#7 C:\xampp\htdocs\LearningWP_Ecommerce\wp-load.php(50): require_once('C:\\xampp\\htdocs...')
#8 C:\xampp\htdocs\LearningWP_Ecommerce\wp-admin\admin.php(34): require_once('C:\\xampp\\htdocs...')
#9 C:\xampp\htdocs\LearningWP_Ecommerce\wp-admin\post-new.php(10): require_once('C:\\xampp\\htdocs...')
#10 {main}
  thrown in C:\xampp\htdocs\LearningWP_Ecommerce\wp-includes\nav-menu.php on line 102

2022-06-09T06:31:35+00:00 CRITICAL Uncaught TypeError: array_merge(): Argument #2 must be of type array, string given in C:\xampp\htdocs\LearningWP_Ecommerce\wp-includes\nav-menu.php:102
Stack trace:
#0 C:\xampp\htdocs\LearningWP_Ecommerce\wp-includes\nav-menu.php(102): array_merge(Array, 'header-top')
#1 C:\xampp\htdocs\LearningWP_Ecommerce\wp-content\themes\shop\functions.php(7): register_nav_menus('header-top', 'Menu top')
#2 C:\xampp\htdocs\LearningWP_Ecommerce\wp-includes\class-wp-hook.php(307): initTheme('')
#3 C:\xampp\htdocs\LearningWP_Ecommerce\wp-includes\class-wp-hook.php(331): WP_Hook->apply_filters(NULL, Array)
#4 C:\xampp\htdocs\LearningWP_Ecommerce\wp-includes\plugin.php(476): WP_Hook->do_action(Array)
#5 C:\xampp\htdocs\LearningWP_Ecommerce\wp-settings.php(598): do_action('init')
#6 C:\xampp\htdocs\LearningWP_Ecommerce\wp-config.php(96): require_once('C:\\xampp\\htdocs...')
#7 C:\xampp\htdocs\LearningWP_Ecommerce\wp-load.php(50): require_once('C:\\xampp\\htdocs...')
#8 C:\xampp\htdocs\LearningWP_Ecommerce\wp-admin\admin.php(34): require_once('C:\\xampp\\htdocs...')
#9 C:\xampp\htdocs\LearningWP_Ecommerce\wp-admin\post-new.php(10): require_once('C:\\xampp\\htdocs...')
#10 {main}
  thrown in C:\xampp\htdocs\LearningWP_Ecommerce\wp-includes\nav-menu.php on line 102

2022-06-09T08:22:10+00:00 CRITICAL Uncaught Error: Call to undefined function the_get_ID() in C:\xampp\htdocs\LearningWP_Ecommerce\wp-content\themes\shop\slider.php:18
Stack trace:
#0 C:\xampp\htdocs\LearningWP_Ecommerce\wp-includes\template.php(772): require()
#1 C:\xampp\htdocs\LearningWP_Ecommerce\wp-includes\template.php(716): load_template('C:\\xampp\\htdocs...', false, Array)
#2 C:\xampp\htdocs\LearningWP_Ecommerce\wp-includes\general-template.php(204): locate_template(Array, true, false, Array)
#3 C:\xampp\htdocs\LearningWP_Ecommerce\wp-content\themes\shop\index.php(5): get_template_part('slider')
#4 C:\xampp\htdocs\LearningWP_Ecommerce\wp-includes\template-loader.php(106): include('C:\\xampp\\htdocs...')
#5 C:\xampp\htdocs\LearningWP_Ecommerce\wp-blog-header.php(19): require_once('C:\\xampp\\htdocs...')
#6 C:\xampp\htdocs\LearningWP_Ecommerce\index.php(17): require('C:\\xampp\\htdocs...')
#7 {main}
  thrown in C:\xampp\htdocs\LearningWP_Ecommerce\wp-content\themes\shop\slider.php on line 18

2022-06-09T08:56:38+00:00 CRITICAL Uncaught Error: Object of class WP_Error could not be converted to string in C:\xampp\htdocs\LearningWP_Ecommerce\wp-content\themes\shop\index.php:28
Stack trace:
#0 C:\xampp\htdocs\LearningWP_Ecommerce\wp-includes\template-loader.php(106): include()
#1 C:\xampp\htdocs\LearningWP_Ecommerce\wp-blog-header.php(19): require_once('C:\\xampp\\htdocs...')
#2 C:\xampp\htdocs\LearningWP_Ecommerce\index.php(17): require('C:\\xampp\\htdocs...')
#3 {main}
  thrown in C:\xampp\htdocs\LearningWP_Ecommerce\wp-content\themes\shop\index.php on line 28

2022-06-09T08:58:30+00:00 CRITICAL Uncaught Error: Object of class WP_Error could not be converted to string in C:\xampp\htdocs\LearningWP_Ecommerce\wp-content\themes\shop\index.php:29
Stack trace:
#0 C:\xampp\htdocs\LearningWP_Ecommerce\wp-includes\template-loader.php(106): include()
#1 C:\xampp\htdocs\LearningWP_Ecommerce\wp-blog-header.php(19): require_once('C:\\xampp\\htdocs...')
#2 C:\xampp\htdocs\LearningWP_Ecommerce\index.php(17): require('C:\\xampp\\htdocs...')
#3 {main}
  thrown in C:\xampp\htdocs\LearningWP_Ecommerce\wp-content\themes\shop\index.php on line 29

2022-06-09T08:58:48+00:00 CRITICAL Uncaught Error: Object of class WP_Error could not be converted to string in C:\xampp\htdocs\LearningWP_Ecommerce\wp-content\themes\shop\index.php:29
Stack trace:
#0 C:\xampp\htdocs\LearningWP_Ecommerce\wp-includes\template-loader.php(106): include()
#1 C:\xampp\htdocs\LearningWP_Ecommerce\wp-blog-header.php(19): require_once('C:\\xampp\\htdocs...')
#2 C:\xampp\htdocs\LearningWP_Ecommerce\index.php(17): require('C:\\xampp\\htdocs...')
#3 {main}
  thrown in C:\xampp\htdocs\LearningWP_Ecommerce\wp-content\themes\shop\index.php on line 29

2022-06-09T09:39:22+00:00 CRITICAL syntax error, unexpected token "}" in C:\xampp\htdocs\LearningWP_Ecommerce\wp-content\themes\shop\functions.php on line 109

2022-06-09T09:42:38+00:00 CRITICAL Uncaught Error: Value of type null is not callable in C:\xampp\htdocs\LearningWP_Ecommerce\wp-content\themes\shop\index.php:64
Stack trace:
#0 C:\xampp\htdocs\LearningWP_Ecommerce\wp-includes\template-loader.php(106): include()
#1 C:\xampp\htdocs\LearningWP_Ecommerce\wp-blog-header.php(19): require_once('C:\\xampp\\htdocs...')
#2 C:\xampp\htdocs\LearningWP_Ecommerce\index.php(17): require('C:\\xampp\\htdocs...')
#3 {main}
  thrown in C:\xampp\htdocs\LearningWP_Ecommerce\wp-content\themes\shop\index.php on line 64

2022-06-09T09:43:30+00:00 CRITICAL Uncaught Error: Value of type null is not callable in C:\xampp\htdocs\LearningWP_Ecommerce\wp-content\themes\shop\index.php:64
Stack trace:
#0 C:\xampp\htdocs\LearningWP_Ecommerce\wp-includes\template-loader.php(106): include()
#1 C:\xampp\htdocs\LearningWP_Ecommerce\wp-blog-header.php(19): require_once('C:\\xampp\\htdocs...')
#2 C:\xampp\htdocs\LearningWP_Ecommerce\index.php(17): require('C:\\xampp\\htdocs...')
#3 {main}
  thrown in C:\xampp\htdocs\LearningWP_Ecommerce\wp-content\themes\shop\index.php on line 64

2022-06-09T09:43:38+00:00 CRITICAL Uncaught Error: Value of type null is not callable in C:\xampp\htdocs\LearningWP_Ecommerce\wp-content\themes\shop\index.php:64
Stack trace:
#0 C:\xampp\htdocs\LearningWP_Ecommerce\wp-includes\template-loader.php(106): include()
#1 C:\xampp\htdocs\LearningWP_Ecommerce\wp-blog-header.php(19): require_once('C:\\xampp\\htdocs...')
#2 C:\xampp\htdocs\LearningWP_Ecommerce\index.php(17): require('C:\\xampp\\htdocs...')
#3 {main}
  thrown in C:\xampp\htdocs\LearningWP_Ecommerce\wp-content\themes\shop\index.php on line 64

2022-06-09T09:45:29+00:00 CRITICAL Uncaught Error: Value of type null is not callable in C:\xampp\htdocs\LearningWP_Ecommerce\wp-content\themes\shop\index.php:64
Stack trace:
#0 C:\xampp\htdocs\LearningWP_Ecommerce\wp-includes\template-loader.php(106): include()
#1 C:\xampp\htdocs\LearningWP_Ecommerce\wp-blog-header.php(19): require_once('C:\\xampp\\htdocs...')
#2 C:\xampp\htdocs\LearningWP_Ecommerce\index.php(17): require('C:\\xampp\\htdocs...')
#3 {main}
  thrown in C:\xampp\htdocs\LearningWP_Ecommerce\wp-content\themes\shop\index.php on line 64

2022-06-09T09:51:03+00:00 CRITICAL Uncaught Error: Value of type null is not callable in C:\xampp\htdocs\LearningWP_Ecommerce\wp-content\themes\shop\index.php:64
Stack trace:
#0 C:\xampp\htdocs\LearningWP_Ecommerce\wp-includes\template-loader.php(106): include()
#1 C:\xampp\htdocs\LearningWP_Ecommerce\wp-blog-header.php(19): require_once('C:\\xampp\\htdocs...')
#2 C:\xampp\htdocs\LearningWP_Ecommerce\index.php(17): require('C:\\xampp\\htdocs...')
#3 {main}
  thrown in C:\xampp\htdocs\LearningWP_Ecommerce\wp-content\themes\shop\index.php on line 64

2022-06-09T09:52:01+00:00 CRITICAL Uncaught Error: Value of type null is not callable in C:\xampp\htdocs\LearningWP_Ecommerce\wp-content\themes\shop\index.php:64
Stack trace:
#0 C:\xampp\htdocs\LearningWP_Ecommerce\wp-includes\template-loader.php(106): include()
#1 C:\xampp\htdocs\LearningWP_Ecommerce\wp-blog-header.php(19): require_once('C:\\xampp\\htdocs...')
#2 C:\xampp\htdocs\LearningWP_Ecommerce\index.php(17): require('C:\\xampp\\htdocs...')
#3 {main}
  thrown in C:\xampp\htdocs\LearningWP_Ecommerce\wp-content\themes\shop\index.php on line 64

2022-06-09T09:54:04+00:00 CRITICAL Uncaught Error: Value of type null is not callable in C:\xampp\htdocs\LearningWP_Ecommerce\wp-content\themes\shop\index.php:64
Stack trace:
#0 C:\xampp\htdocs\LearningWP_Ecommerce\wp-includes\template-loader.php(106): include()
#1 C:\xampp\htdocs\LearningWP_Ecommerce\wp-blog-header.php(19): require_once('C:\\xampp\\htdocs...')
#2 C:\xampp\htdocs\LearningWP_Ecommerce\index.php(17): require('C:\\xampp\\htdocs...')
#3 {main}
  thrown in C:\xampp\htdocs\LearningWP_Ecommerce\wp-content\themes\shop\index.php on line 64

2022-06-09T10:00:44+00:00 CRITICAL Uncaught Error: Call to a member function is_on_sale() on null in C:\xampp\htdocs\LearningWP_Ecommerce\wp-content\themes\shop\content\item_product.php:8
Stack trace:
#0 C:\xampp\htdocs\LearningWP_Ecommerce\wp-includes\template.php(772): require()
#1 C:\xampp\htdocs\LearningWP_Ecommerce\wp-includes\template.php(716): load_template('C:\\xampp\\htdocs...', false, Array)
#2 C:\xampp\htdocs\LearningWP_Ecommerce\wp-includes\general-template.php(204): locate_template(Array, true, false, Array)
#3 C:\xampp\htdocs\LearningWP_Ecommerce\wp-content\themes\shop\index.php(55): get_template_part('content/item_pr...')
#4 C:\xampp\htdocs\LearningWP_Ecommerce\wp-includes\template-loader.php(106): include('C:\\xampp\\htdocs...')
#5 C:\xampp\htdocs\LearningWP_Ecommerce\wp-blog-header.php(19): require_once('C:\\xampp\\htdocs...')
#6 C:\xampp\htdocs\LearningWP_Ecommerce\index.php(17): require('C:\\xampp\\htdocs...')
#7 {main}
  thrown in C:\xampp\htdocs\LearningWP_Ecommerce\wp-content\themes\shop\content\item_product.php on line 8

